<?xml version="1.0" encoding="UTF-8"?>
<coverage generated="1571830161471" clover="3.2.0">
  <project timestamp="1571830161471" name="All files">
    <metrics statements="130" coveredstatements="97" conditionals="80" coveredconditionals="44" methods="28" coveredmethods="17" elements="238" coveredelements="158" complexity="0" loc="130" ncloc="130" packages="3" files="3" classes="3"/>
    <package name="src">
      <metrics statements="84" coveredstatements="57" conditionals="50" coveredconditionals="22" methods="19" coveredmethods="10"/>
      <file name="ConfiguratOR.ts" path="C:\Projects\aio\packages\configurator\src\ConfiguratOR.ts">
        <metrics statements="84" coveredstatements="57" conditionals="50" coveredconditionals="22" methods="19" coveredmethods="10"/>
        <line num="1" count="1" type="stmt"/>
        <line num="2" count="1" type="stmt"/>
        <line num="3" count="1" type="stmt"/>
        <line num="4" count="1" type="stmt"/>
        <line num="5" count="1" type="stmt"/>
        <line num="15" count="1" type="stmt"/>
        <line num="17" count="5" type="cond" truecount="1" falsecount="0"/>
        <line num="19" count="1" type="stmt"/>
        <line num="30" count="1" type="stmt"/>
        <line num="32" count="7" type="stmt"/>
        <line num="34" count="7" type="stmt"/>
        <line num="40" count="7" type="stmt"/>
        <line num="44" count="7" type="stmt"/>
        <line num="51" count="7" type="stmt"/>
        <line num="52" count="7" type="stmt"/>
        <line num="55" count="7" type="stmt"/>
        <line num="62" count="21" type="cond" truecount="4" falsecount="0"/>
        <line num="63" count="21" type="cond" truecount="1" falsecount="1"/>
        <line num="66" count="0" type="stmt"/>
        <line num="72" count="6" type="cond" truecount="2" falsecount="0"/>
        <line num="73" count="6" type="cond" truecount="2" falsecount="0"/>
        <line num="74" count="6" type="stmt"/>
        <line num="78" count="6" type="stmt"/>
        <line num="86" count="0" type="cond" truecount="0" falsecount="2"/>
        <line num="87" count="0" type="cond" truecount="0" falsecount="2"/>
        <line num="88" count="0" type="cond" truecount="0" falsecount="2"/>
        <line num="89" count="0" type="stmt"/>
        <line num="99" count="0" type="cond" truecount="0" falsecount="2"/>
        <line num="100" count="0" type="cond" truecount="0" falsecount="2"/>
        <line num="101" count="0" type="cond" truecount="0" falsecount="2"/>
        <line num="102" count="0" type="stmt"/>
        <line num="103" count="0" type="stmt"/>
        <line num="110" count="0" type="stmt"/>
        <line num="113" count="0" type="stmt"/>
        <line num="117" count="0" type="stmt"/>
        <line num="121" count="6" type="cond" truecount="1" falsecount="1"/>
        <line num="123" count="6" type="cond" truecount="2" falsecount="0"/>
        <line num="124" count="1" type="cond" truecount="1" falsecount="1"/>
        <line num="125" count="0" type="stmt"/>
        <line num="127" count="1" type="stmt"/>
        <line num="130" count="5" type="stmt"/>
        <line num="131" count="5" type="stmt"/>
        <line num="132" count="5" type="cond" truecount="1" falsecount="1"/>
        <line num="133" count="0" type="stmt"/>
        <line num="134" count="0" type="stmt"/>
        <line num="146" count="5" type="stmt"/>
        <line num="147" count="5" type="stmt"/>
        <line num="148" count="5" type="cond" truecount="1" falsecount="1"/>
        <line num="149" count="5" type="cond" truecount="1" falsecount="1"/>
        <line num="150" count="5" type="cond" truecount="1" falsecount="1"/>
        <line num="151" count="5" type="stmt"/>
        <line num="157" count="5" type="stmt"/>
        <line num="158" count="0" type="stmt"/>
        <line num="160" count="0" type="stmt"/>
        <line num="162" count="0" type="cond" truecount="0" falsecount="2"/>
        <line num="167" count="0" type="cond" truecount="0" falsecount="2"/>
        <line num="168" count="0" type="stmt"/>
        <line num="170" count="0" type="cond" truecount="0" falsecount="2"/>
        <line num="171" count="0" type="stmt"/>
        <line num="177" count="5" type="stmt"/>
        <line num="178" count="5" type="stmt"/>
        <line num="180" count="5" type="stmt"/>
        <line num="182" count="5" type="stmt"/>
        <line num="183" count="5" type="stmt"/>
        <line num="184" count="5" type="stmt"/>
        <line num="185" count="5" type="stmt"/>
        <line num="187" count="5" type="cond" truecount="1" falsecount="1"/>
        <line num="190" count="5" type="stmt"/>
        <line num="191" count="5" type="stmt"/>
        <line num="192" count="6" type="cond" truecount="2" falsecount="0"/>
        <line num="193" count="5" type="stmt"/>
        <line num="197" count="5" type="stmt"/>
        <line num="199" count="1" type="stmt"/>
        <line num="203" count="5" type="stmt"/>
        <line num="204" count="5" type="stmt"/>
        <line num="210" count="0" type="stmt"/>
        <line num="211" count="0" type="cond" truecount="0" falsecount="2"/>
        <line num="212" count="0" type="stmt"/>
        <line num="214" count="0" type="stmt"/>
        <line num="219" count="5" type="stmt"/>
        <line num="222" count="5" type="stmt"/>
        <line num="225" count="5" type="stmt"/>
        <line num="227" count="5" type="stmt"/>
        <line num="232" count="1" type="stmt"/>
      </file>
    </package>
    <package name="src.errors">
      <metrics statements="6" coveredstatements="2" conditionals="4" coveredconditionals="0" methods="2" coveredmethods="0"/>
      <file name="PlaceholderError.ts" path="C:\Projects\aio\packages\configurator\src\errors\PlaceholderError.ts">
        <metrics statements="6" coveredstatements="2" conditionals="4" coveredconditionals="0" methods="2" coveredmethods="0"/>
        <line num="4" count="1" type="stmt"/>
        <line num="11" count="0" type="cond" truecount="0" falsecount="2"/>
        <line num="15" count="0" type="stmt"/>
        <line num="16" count="0" type="cond" truecount="0" falsecount="2"/>
        <line num="17" count="0" type="stmt"/>
        <line num="21" count="1" type="stmt"/>
      </file>
    </package>
    <package name="src.utils">
      <metrics statements="40" coveredstatements="38" conditionals="26" coveredconditionals="22" methods="7" coveredmethods="7"/>
      <file name="processPlaceholderHandlers.ts" path="C:\Projects\aio\packages\configurator\src\utils\processPlaceholderHandlers.ts">
        <metrics statements="40" coveredstatements="38" conditionals="26" coveredconditionals="22" methods="7" coveredmethods="7"/>
        <line num="7" count="1" type="stmt"/>
        <line num="8" count="1" type="stmt"/>
        <line num="9" count="1" type="stmt"/>
        <line num="10" count="10" type="stmt"/>
        <line num="11" count="10" type="stmt"/>
        <line num="20" count="1" type="stmt"/>
        <line num="21" count="39" type="cond" truecount="2" falsecount="0"/>
        <line num="22" count="29" type="stmt"/>
        <line num="24" count="10" type="stmt"/>
        <line num="26" count="10" type="stmt"/>
        <line num="27" count="10" type="cond" truecount="1" falsecount="1"/>
        <line num="28" count="10" type="stmt"/>
        <line num="29" count="10" type="stmt"/>
        <line num="35" count="1" type="stmt"/>
        <line num="44" count="39" type="stmt"/>
        <line num="45" count="39" type="stmt"/>
        <line num="46" count="39" type="cond" truecount="2" falsecount="0"/>
        <line num="47" count="29" type="stmt"/>
        <line num="50" count="10" type="stmt"/>
        <line num="51" count="10" type="stmt"/>
        <line num="52" count="10" type="cond" truecount="1" falsecount="1"/>
        <line num="53" count="10" type="cond" truecount="1" falsecount="1"/>
        <line num="54" count="10" type="stmt"/>
        <line num="56" count="0" type="stmt"/>
        <line num="59" count="0" type="stmt"/>
        <line num="69" count="1" type="stmt"/>
        <line num="76" count="34" type="cond" truecount="1" falsecount="0"/>
        <line num="78" count="34" type="stmt"/>
        <line num="79" count="25" type="cond" truecount="2" falsecount="0"/>
        <line num="82" count="34" type="stmt"/>
        <line num="83" count="84" type="cond" truecount="2" falsecount="0"/>
        <line num="84" count="10" type="stmt"/>
        <line num="88" count="74" type="cond" truecount="2" falsecount="0"/>
        <line num="89" count="19" type="stmt"/>
        <line num="93" count="55" type="cond" truecount="2" falsecount="0"/>
        <line num="94" count="39" type="stmt"/>
        <line num="103" count="34" type="stmt"/>
        <line num="106" count="1" type="stmt"/>
        <line num="111" count="5" type="stmt"/>
        <line num="119" count="1" type="stmt"/>
      </file>
    </package>
  </project>
</coverage>
