{"C:\\Projects\\aio\\packages\\configurator\\src\\ConfiguratOR.ts": {"path":"C:\\Projects\\aio\\packages\\configurator\\src\\ConfiguratOR.ts","statementMap":{"0":{"start":{"line":1,"column":0},"end":{"line":1,"column":32}},"1":{"start":{"line":2,"column":0},"end":{"line":2,"column":40}},"2":{"start":{"line":3,"column":0},"end":{"line":3,"column":28}},"3":{"start":{"line":4,"column":0},"end":{"line":4,"column":36}},"4":{"start":{"line":5,"column":0},"end":{"line":5,"column":56}},"5":{"start":{"line":15,"column":0},"end":{"line":15,"column":75}},"6":{"start":{"line":17,"column":26},"end":{"line":17,"column":111}},"7":{"start":{"line":17,"column":57},"end":{"line":17,"column":111}},"8":{"start":{"line":17,"column":78},"end":{"line":17,"column":110}},"9":{"start":{"line":17,"column":95},"end":{"line":17,"column":100}},"10":{"start":{"line":19,"column":13},"end":{"line":25,"column":null}},"11":{"start":{"line":32,"column":9},"end":{"line":32,"column":null}},"12":{"start":{"line":34,"column":9},"end":{"line":39,"column":null}},"13":{"start":{"line":40,"column":9},"end":{"line":43,"column":null}},"14":{"start":{"line":44,"column":9},"end":{"line":46,"column":null}},"15":{"start":{"line":51,"column":9},"end":{"line":51,"column":null}},"16":{"start":{"line":52,"column":9},"end":{"line":52,"column":null}},"17":{"start":{"line":55,"column":2},"end":{"line":58,"column":null}},"18":{"start":{"line":62,"column":17},"end":{"line":62,"column":105}},"19":{"start":{"line":63,"column":2},"end":{"line":63,"column":null}},"20":{"start":{"line":66,"column":2},"end":{"line":66,"column":null}},"21":{"start":{"line":72,"column":19},"end":{"line":72,"column":56}},"22":{"start":{"line":73,"column":21},"end":{"line":73,"column":45}},"23":{"start":{"line":74,"column":2},"end":{"line":77,"column":null}},"24":{"start":{"line":78,"column":2},"end":{"line":78,"column":null}},"25":{"start":{"line":86,"column":19},"end":{"line":86,"column":56}},"26":{"start":{"line":87,"column":22},"end":{"line":87,"column":96}},"27":{"start":{"line":88,"column":20},"end":{"line":88,"column":51}},"28":{"start":{"line":89,"column":2},"end":{"line":92,"column":null}},"29":{"start":{"line":99,"column":19},"end":{"line":99,"column":56}},"30":{"start":{"line":100,"column":27},"end":{"line":100,"column":101}},"31":{"start":{"line":101,"column":20},"end":{"line":101,"column":51}},"32":{"start":{"line":102,"column":23},"end":{"line":102,"column":86}},"33":{"start":{"line":102,"column":55},"end":{"line":102,"column":85}},"34":{"start":{"line":103,"column":2},"end":{"line":106,"column":null}},"35":{"start":{"line":110,"column":2},"end":{"line":110,"column":null}},"36":{"start":{"line":113,"column":2},"end":{"line":113,"column":null}},"37":{"start":{"line":117,"column":2},"end":{"line":117,"column":null}},"38":{"start":{"line":121,"column":2},"end":{"line":121,"column":null}},"39":{"start":{"line":121,"column":38},"end":{"line":121,"column":null}},"40":{"start":{"line":121,"column":79},"end":{"line":121,"column":98}},"41":{"start":{"line":123,"column":2},"end":{"line":128,"column":null}},"42":{"start":{"line":124,"column":3},"end":{"line":126,"column":null}},"43":{"start":{"line":125,"column":4},"end":{"line":125,"column":null}},"44":{"start":{"line":127,"column":3},"end":{"line":127,"column":null}},"45":{"start":{"line":130,"column":2},"end":{"line":136,"column":null}},"46":{"start":{"line":131,"column":3},"end":{"line":131,"column":null}},"47":{"start":{"line":132,"column":3},"end":{"line":135,"column":null}},"48":{"start":{"line":133,"column":4},"end":{"line":133,"column":null}},"49":{"start":{"line":134,"column":4},"end":{"line":134,"column":null}},"50":{"start":{"line":146,"column":2},"end":{"line":174,"column":null}},"51":{"start":{"line":147,"column":3},"end":{"line":165,"column":null}},"52":{"start":{"line":148,"column":27},"end":{"line":148,"column":74}},"53":{"start":{"line":149,"column":27},"end":{"line":149,"column":74}},"54":{"start":{"line":150,"column":4},"end":{"line":164,"column":null}},"55":{"start":{"line":151,"column":72},"end":{"line":156,"column":null}},"56":{"start":{"line":157,"column":5},"end":{"line":163,"column":null}},"57":{"start":{"line":158,"column":64},"end":{"line":161,"column":null}},"58":{"start":{"line":160,"column":18},"end":{"line":160,"column":42}},"59":{"start":{"line":162,"column":6},"end":{"line":162,"column":null}},"60":{"start":{"line":167,"column":3},"end":{"line":173,"column":null}},"61":{"start":{"line":168,"column":4},"end":{"line":168,"column":null}},"62":{"start":{"line":170,"column":4},"end":{"line":172,"column":null}},"63":{"start":{"line":171,"column":5},"end":{"line":171,"column":null}},"64":{"start":{"line":177,"column":2},"end":{"line":177,"column":null}},"65":{"start":{"line":178,"column":2},"end":{"line":178,"column":null}},"66":{"start":{"line":180,"column":2},"end":{"line":228,"column":null}},"67":{"start":{"line":182,"column":23},"end":{"line":182,"column":40}},"68":{"start":{"line":183,"column":3},"end":{"line":183,"column":26}},"69":{"start":{"line":184,"column":23},"end":{"line":184,"column":49}},"70":{"start":{"line":185,"column":21},"end":{"line":185,"column":39}},"71":{"start":{"line":187,"column":3},"end":{"line":187,"column":null}},"72":{"start":{"line":187,"column":33},"end":{"line":187,"column":null}},"73":{"start":{"line":190,"column":19},"end":{"line":190,"column":28}},"74":{"start":{"line":191,"column":3},"end":{"line":200,"column":null}},"75":{"start":{"line":192,"column":4},"end":{"line":198,"column":null}},"76":{"start":{"line":193,"column":5},"end":{"line":196,"column":null}},"77":{"start":{"line":197,"column":5},"end":{"line":197,"column":13}},"78":{"start":{"line":199,"column":4},"end":{"line":199,"column":null}},"79":{"start":{"line":203,"column":3},"end":{"line":216,"column":null}},"80":{"start":{"line":204,"column":4},"end":{"line":208,"column":null}},"81":{"start":{"line":210,"column":29},"end":{"line":210,"column":57}},"82":{"start":{"line":211,"column":4},"end":{"line":215,"column":null}},"83":{"start":{"line":212,"column":5},"end":{"line":212,"column":null}},"84":{"start":{"line":214,"column":5},"end":{"line":214,"column":null}},"85":{"start":{"line":219,"column":3},"end":{"line":219,"column":null}},"86":{"start":{"line":222,"column":3},"end":{"line":222,"column":null}},"87":{"start":{"line":225,"column":3},"end":{"line":225,"column":null}},"88":{"start":{"line":227,"column":3},"end":{"line":227,"column":null}},"89":{"start":{"line":30,"column":0},"end":{"line":30,"column":13}},"90":{"start":{"line":232,"column":0},"end":{"line":232,"column":null}}},"fnMap":{"0":{"name":"(anonymous_1)","decl":{"start":{"line":17,"column":26},"end":{"line":17,"column":31}},"loc":{"start":{"line":17,"column":57},"end":{"line":17,"column":111}}},"1":{"name":"(anonymous_2)","decl":{"start":{"line":17,"column":69},"end":{"line":17,"column":70}},"loc":{"start":{"line":17,"column":78},"end":{"line":17,"column":110}}},"2":{"name":"(anonymous_3)","decl":{"start":{"line":17,"column":89},"end":{"line":17,"column":92}},"loc":{"start":{"line":17,"column":95},"end":{"line":17,"column":100}}},"3":{"name":"(anonymous_4)","decl":{"start":{"line":54,"column":1},"end":{"line":54,"column":20}},"loc":{"start":{"line":54,"column":50},"end":{"line":59,"column":2}}},"4":{"name":"(anonymous_5)","decl":{"start":{"line":61,"column":8},"end":{"line":61,"column":11}},"loc":{"start":{"line":61,"column":74},"end":{"line":64,"column":2}}},"5":{"name":"(anonymous_6)","decl":{"start":{"line":65,"column":8},"end":{"line":65,"column":11}},"loc":{"start":{"line":65,"column":24},"end":{"line":67,"column":2}}},"6":{"name":"(anonymous_7)","decl":{"start":{"line":71,"column":8},"end":{"line":71,"column":11}},"loc":{"start":{"line":71,"column":82},"end":{"line":79,"column":2}}},"7":{"name":"(anonymous_8)","decl":{"start":{"line":83,"column":8},"end":{"line":83,"column":10}},"loc":{"start":{"line":85,"column":54},"end":{"line":93,"column":2}}},"8":{"name":"(anonymous_9)","decl":{"start":{"line":96,"column":8},"end":{"line":96,"column":11}},"loc":{"start":{"line":98,"column":54},"end":{"line":107,"column":2}}},"9":{"name":"(anonymous_10)","decl":{"start":{"line":102,"column":40},"end":{"line":102,"column":41}},"loc":{"start":{"line":102,"column":55},"end":{"line":102,"column":85}}},"10":{"name":"(anonymous_11)","decl":{"start":{"line":109,"column":8},"end":{"line":109,"column":29}},"loc":{"start":{"line":109,"column":109},"end":{"line":111,"column":2}}},"11":{"name":"(anonymous_12)","decl":{"start":{"line":112,"column":8},"end":{"line":112,"column":32}},"loc":{"start":{"line":112,"column":52},"end":{"line":114,"column":2}}},"12":{"name":"(anonymous_13)","decl":{"start":{"line":116,"column":8},"end":{"line":116,"column":21}},"loc":{"start":{"line":116,"column":54},"end":{"line":118,"column":2}}},"13":{"name":"(anonymous_14)","decl":{"start":{"line":120,"column":9},"end":{"line":120,"column":39}},"loc":{"start":{"line":120,"column":39},"end":{"line":137,"column":2}}},"14":{"name":"(anonymous_15)","decl":{"start":{"line":121,"column":66},"end":{"line":121,"column":67}},"loc":{"start":{"line":121,"column":79},"end":{"line":121,"column":98}}},"15":{"name":"(anonymous_16)","decl":{"start":{"line":130,"column":71},"end":{"line":130,"column":74}},"loc":{"start":{"line":130,"column":76},"end":{"line":136,"column":3}}},"16":{"name":"(anonymous_17)","decl":{"start":{"line":139,"column":9},"end":{"line":139,"column":14}},"loc":{"start":{"line":145,"column":3},"end":{"line":175,"column":2}}},"17":{"name":"(anonymous_18)","decl":{"start":{"line":160,"column":12},"end":{"line":160,"column":15}},"loc":{"start":{"line":160,"column":18},"end":{"line":160,"column":42}}},"18":{"name":"(anonymous_19)","decl":{"start":{"line":176,"column":9},"end":{"line":176,"column":14}},"loc":{"start":{"line":176,"column":33},"end":{"line":229,"column":2}}}},"branchMap":{"0":{"loc":{"start":{"line":17,"column":51},"end":{"line":17,"column":52}},"type":"default-arg","locations":[{"start":{"line":17,"column":51},"end":{"line":17,"column":52}}]},"1":{"loc":{"start":{"line":54,"column":48},"end":{"line":54,"column":50}},"type":"default-arg","locations":[{"start":{"line":54,"column":48},"end":{"line":54,"column":50}}]},"2":{"loc":{"start":{"line":62,"column":41},"end":{"line":62,"column":59}},"type":"cond-expr","locations":[{"start":{"line":62,"column":41},"end":{"line":62,"column":59}},{"start":{"line":62,"column":62},"end":{"line":62,"column":105}}]},"3":{"loc":{"start":{"line":62,"column":17},"end":{"line":62,"column":22}},"type":"binary-expr","locations":[{"start":{"line":62,"column":17},"end":{"line":62,"column":22}},{"start":{"line":62,"column":26},"end":{"line":62,"column":38}}]},"4":{"loc":{"start":{"line":63,"column":39},"end":{"line":63,"column":56}},"type":"cond-expr","locations":[{"start":{"line":63,"column":39},"end":{"line":63,"column":56}},{"start":{"line":63,"column":59},"end":{"line":63,"column":65}}]},"5":{"loc":{"start":{"line":72,"column":46},"end":{"line":72,"column":50}},"type":"cond-expr","locations":[{"start":{"line":72,"column":46},"end":{"line":72,"column":50}},{"start":{"line":72,"column":53},"end":{"line":72,"column":56}}]},"6":{"loc":{"start":{"line":73,"column":32},"end":{"line":73,"column":38}},"type":"cond-expr","locations":[{"start":{"line":73,"column":32},"end":{"line":73,"column":38}},{"start":{"line":73,"column":41},"end":{"line":73,"column":45}}]},"7":{"loc":{"start":{"line":86,"column":46},"end":{"line":86,"column":50}},"type":"cond-expr","locations":[{"start":{"line":86,"column":46},"end":{"line":86,"column":50}},{"start":{"line":86,"column":53},"end":{"line":86,"column":56}}]},"8":{"loc":{"start":{"line":87,"column":35},"end":{"line":87,"column":84}},"type":"cond-expr","locations":[{"start":{"line":87,"column":35},"end":{"line":87,"column":84}},{"start":{"line":87,"column":87},"end":{"line":87,"column":96}}]},"9":{"loc":{"start":{"line":88,"column":20},"end":{"line":88,"column":45}},"type":"binary-expr","locations":[{"start":{"line":88,"column":20},"end":{"line":88,"column":45}},{"start":{"line":88,"column":49},"end":{"line":88,"column":51}}]},"10":{"loc":{"start":{"line":99,"column":46},"end":{"line":99,"column":50}},"type":"cond-expr","locations":[{"start":{"line":99,"column":46},"end":{"line":99,"column":50}},{"start":{"line":99,"column":53},"end":{"line":99,"column":56}}]},"11":{"loc":{"start":{"line":100,"column":40},"end":{"line":100,"column":89}},"type":"cond-expr","locations":[{"start":{"line":100,"column":40},"end":{"line":100,"column":89}},{"start":{"line":100,"column":92},"end":{"line":100,"column":101}}]},"12":{"loc":{"start":{"line":101,"column":20},"end":{"line":101,"column":45}},"type":"binary-expr","locations":[{"start":{"line":101,"column":20},"end":{"line":101,"column":45}},{"start":{"line":101,"column":49},"end":{"line":101,"column":51}}]},"13":{"loc":{"start":{"line":121,"column":2},"end":{"line":121,"column":null}},"type":"if","locations":[{"start":{"line":121,"column":2},"end":{"line":121,"column":null}},{"start":{"line":121,"column":2},"end":{"line":121,"column":null}}]},"14":{"loc":{"start":{"line":123,"column":2},"end":{"line":128,"column":null}},"type":"if","locations":[{"start":{"line":123,"column":2},"end":{"line":128,"column":null}},{"start":{"line":123,"column":2},"end":{"line":128,"column":null}}]},"15":{"loc":{"start":{"line":124,"column":3},"end":{"line":126,"column":null}},"type":"if","locations":[{"start":{"line":124,"column":3},"end":{"line":126,"column":null}},{"start":{"line":124,"column":3},"end":{"line":126,"column":null}}]},"16":{"loc":{"start":{"line":132,"column":3},"end":{"line":135,"column":null}},"type":"if","locations":[{"start":{"line":132,"column":3},"end":{"line":135,"column":null}},{"start":{"line":132,"column":3},"end":{"line":135,"column":null}}]},"17":{"loc":{"start":{"line":148,"column":42},"end":{"line":148,"column":51}},"type":"cond-expr","locations":[{"start":{"line":148,"column":42},"end":{"line":148,"column":51}},{"start":{"line":148,"column":54},"end":{"line":148,"column":74}}]},"18":{"loc":{"start":{"line":149,"column":42},"end":{"line":149,"column":51}},"type":"cond-expr","locations":[{"start":{"line":149,"column":42},"end":{"line":149,"column":51}},{"start":{"line":149,"column":54},"end":{"line":149,"column":74}}]},"19":{"loc":{"start":{"line":150,"column":4},"end":{"line":164,"column":null}},"type":"if","locations":[{"start":{"line":150,"column":4},"end":{"line":164,"column":null}},{"start":{"line":150,"column":4},"end":{"line":164,"column":null}}]},"20":{"loc":{"start":{"line":162,"column":45},"end":{"line":162,"column":69}},"type":"cond-expr","locations":[{"start":{"line":162,"column":45},"end":{"line":162,"column":69}},{"start":{"line":162,"column":72},"end":{"line":162,"column":90}}]},"21":{"loc":{"start":{"line":167,"column":3},"end":{"line":173,"column":null}},"type":"if","locations":[{"start":{"line":167,"column":3},"end":{"line":173,"column":null}},{"start":{"line":167,"column":3},"end":{"line":173,"column":null}}]},"22":{"loc":{"start":{"line":170,"column":4},"end":{"line":172,"column":null}},"type":"if","locations":[{"start":{"line":170,"column":4},"end":{"line":172,"column":null}},{"start":{"line":170,"column":4},"end":{"line":172,"column":null}}]},"23":{"loc":{"start":{"line":187,"column":3},"end":{"line":187,"column":null}},"type":"if","locations":[{"start":{"line":187,"column":3},"end":{"line":187,"column":null}},{"start":{"line":187,"column":3},"end":{"line":187,"column":null}}]},"24":{"loc":{"start":{"line":192,"column":4},"end":{"line":198,"column":null}},"type":"if","locations":[{"start":{"line":192,"column":4},"end":{"line":198,"column":null}},{"start":{"line":192,"column":4},"end":{"line":198,"column":null}}]},"25":{"loc":{"start":{"line":211,"column":4},"end":{"line":215,"column":null}},"type":"if","locations":[{"start":{"line":211,"column":4},"end":{"line":215,"column":null}},{"start":{"line":211,"column":4},"end":{"line":215,"column":null}}]}},"s":{"0":1,"1":1,"2":1,"3":1,"4":1,"5":1,"6":1,"7":5,"8":5,"9":5,"10":1,"11":7,"12":7,"13":7,"14":7,"15":7,"16":7,"17":7,"18":21,"19":21,"20":0,"21":6,"22":6,"23":6,"24":6,"25":0,"26":0,"27":0,"28":0,"29":0,"30":0,"31":0,"32":0,"33":0,"34":0,"35":0,"36":0,"37":0,"38":6,"39":0,"40":0,"41":6,"42":1,"43":0,"44":1,"45":5,"46":5,"47":5,"48":0,"49":0,"50":5,"51":5,"52":5,"53":5,"54":5,"55":5,"56":5,"57":0,"58":0,"59":0,"60":0,"61":0,"62":0,"63":0,"64":5,"65":5,"66":5,"67":5,"68":5,"69":5,"70":5,"71":5,"72":0,"73":5,"74":5,"75":6,"76":5,"77":5,"78":1,"79":5,"80":5,"81":0,"82":0,"83":0,"84":0,"85":5,"86":5,"87":5,"88":5,"89":1,"90":1},"f":{"0":5,"1":5,"2":5,"3":7,"4":21,"5":0,"6":6,"7":0,"8":0,"9":0,"10":0,"11":0,"12":0,"13":6,"14":0,"15":5,"16":5,"17":0,"18":5},"b":{"0":[5],"1":[2],"2":[8,13],"3":[21,14],"4":[0,21],"5":[1,5],"6":[1,5],"7":[0,0],"8":[0,0],"9":[0,0],"10":[0,0],"11":[0,0],"12":[0,0],"13":[0,6],"14":[1,5],"15":[0,1],"16":[0,5],"17":[5,0],"18":[5,0],"19":[5,0],"20":[0,0],"21":[0,0],"22":[0,0],"23":[0,5],"24":[5,1],"25":[0,0]}}
,"C:\\Projects\\aio\\packages\\configurator\\src\\errors\\PlaceholderError.ts": {"path":"C:\\Projects\\aio\\packages\\configurator\\src\\errors\\PlaceholderError.ts","statementMap":{"0":{"start":{"line":11,"column":2},"end":{"line":11,"column":null}},"1":{"start":{"line":15,"column":2},"end":{"line":15,"column":null}},"2":{"start":{"line":16,"column":2},"end":{"line":18,"column":null}},"3":{"start":{"line":17,"column":3},"end":{"line":17,"column":null}},"4":{"start":{"line":4,"column":0},"end":{"line":4,"column":13}},"5":{"start":{"line":21,"column":0},"end":{"line":21,"column":null}}},"fnMap":{"0":{"name":"(anonymous_0)","decl":{"start":{"line":10,"column":8},"end":{"line":10,"column":14}},"loc":{"start":{"line":10,"column":50},"end":{"line":12,"column":2}}},"1":{"name":"(anonymous_1)","decl":{"start":{"line":14,"column":1},"end":{"line":14,"column":20}},"loc":{"start":{"line":14,"column":55},"end":{"line":19,"column":2}}}},"branchMap":{"0":{"loc":{"start":{"line":11,"column":30},"end":{"line":11,"column":37}},"type":"binary-expr","locations":[{"start":{"line":11,"column":30},"end":{"line":11,"column":37}},{"start":{"line":11,"column":41},"end":{"line":11,"column":54}}]},"1":{"loc":{"start":{"line":16,"column":2},"end":{"line":18,"column":null}},"type":"if","locations":[{"start":{"line":16,"column":2},"end":{"line":18,"column":null}},{"start":{"line":16,"column":2},"end":{"line":18,"column":null}}]}},"s":{"0":0,"1":0,"2":0,"3":0,"4":1,"5":1},"f":{"0":0,"1":0},"b":{"0":[0,0],"1":[0,0]}}
,"C:\\Projects\\aio\\packages\\configurator\\src\\utils\\processPlaceholderHandlers.ts": {"path":"C:\\Projects\\aio\\packages\\configurator\\src\\utils\\processPlaceholderHandlers.ts","statementMap":{"0":{"start":{"line":7,"column":19},"end":{"line":13,"column":4}},"1":{"start":{"line":8,"column":12},"end":{"line":8,"column":27}},"2":{"start":{"line":9,"column":1},"end":{"line":12,"column":null}},"3":{"start":{"line":10,"column":2},"end":{"line":10,"column":null}},"4":{"start":{"line":11,"column":2},"end":{"line":11,"column":null}},"5":{"start":{"line":20,"column":25},"end":{"line":33,"column":1}},"6":{"start":{"line":21,"column":1},"end":{"line":23,"column":null}},"7":{"start":{"line":22,"column":2},"end":{"line":22,"column":8}},"8":{"start":{"line":24,"column":25},"end":{"line":24,"column":63}},"9":{"start":{"line":26,"column":17},"end":{"line":26,"column":52}},"10":{"start":{"line":27,"column":1},"end":{"line":27,"column":21}},"11":{"start":{"line":27,"column":15},"end":{"line":27,"column":21}},"12":{"start":{"line":28,"column":36},"end":{"line":28,"column":43}},"13":{"start":{"line":29,"column":1},"end":{"line":32,"column":null}},"14":{"start":{"line":35,"column":21},"end":{"line":67,"column":1}},"15":{"start":{"line":44,"column":69},"end":{"line":44,"column":73}},"16":{"start":{"line":45,"column":27},"end":{"line":45,"column":58}},"17":{"start":{"line":46,"column":1},"end":{"line":48,"column":null}},"18":{"start":{"line":47,"column":2},"end":{"line":47,"column":null}},"19":{"start":{"line":50,"column":33},"end":{"line":50,"column":50}},"20":{"start":{"line":51,"column":17},"end":{"line":51,"column":38}},"21":{"start":{"line":52,"column":1},"end":{"line":57,"column":null}},"22":{"start":{"line":53,"column":2},"end":{"line":55,"column":null}},"23":{"start":{"line":54,"column":3},"end":{"line":54,"column":null}},"24":{"start":{"line":56,"column":2},"end":{"line":56,"column":null}},"25":{"start":{"line":59,"column":1},"end":{"line":66,"column":null}},"26":{"start":{"line":69,"column":17},"end":{"line":104,"column":1}},"27":{"start":{"line":76,"column":21},"end":{"line":76,"column":25}},"28":{"start":{"line":78,"column":48},"end":{"line":80,"column":21}},"29":{"start":{"line":79,"column":24},"end":{"line":79,"column":34}},"30":{"start":{"line":82,"column":1},"end":{"line":101,"column":null}},"31":{"start":{"line":83,"column":2},"end":{"line":100,"column":null}},"32":{"start":{"line":84,"column":3},"end":{"line":87,"column":null}},"33":{"start":{"line":88,"column":9},"end":{"line":100,"column":null}},"34":{"start":{"line":89,"column":3},"end":{"line":92,"column":null}},"35":{"start":{"line":93,"column":9},"end":{"line":100,"column":null}},"36":{"start":{"line":94,"column":3},"end":{"line":99,"column":null}},"37":{"start":{"line":103,"column":1},"end":{"line":103,"column":null}},"38":{"start":{"line":106,"column":13},"end":{"line":117,"column":null}},"39":{"start":{"line":111,"column":1},"end":{"line":116,"column":null}},"40":{"start":{"line":119,"column":0},"end":{"line":119,"column":null}}},"fnMap":{"0":{"name":"(anonymous_0)","decl":{"start":{"line":7,"column":20},"end":{"line":7,"column":23}},"loc":{"start":{"line":7,"column":25},"end":{"line":13,"column":1}}},"1":{"name":"(anonymous_1)","decl":{"start":{"line":9,"column":8},"end":{"line":9,"column":11}},"loc":{"start":{"line":9,"column":13},"end":{"line":12,"column":2}}},"2":{"name":"(anonymous_2)","decl":{"start":{"line":20,"column":25},"end":{"line":20,"column":26}},"loc":{"start":{"line":20,"column":70},"end":{"line":33,"column":1}}},"3":{"name":"(anonymous_3)","decl":{"start":{"line":35,"column":21},"end":{"line":35,"column":26}},"loc":{"start":{"line":43,"column":5},"end":{"line":67,"column":1}}},"4":{"name":"(anonymous_4)","decl":{"start":{"line":69,"column":17},"end":{"line":69,"column":22}},"loc":{"start":{"line":75,"column":5},"end":{"line":104,"column":1}}},"5":{"name":"(anonymous_5)","decl":{"start":{"line":79,"column":10},"end":{"line":79,"column":11}},"loc":{"start":{"line":79,"column":24},"end":{"line":79,"column":34}}},"6":{"name":"(anonymous_6)","decl":{"start":{"line":106,"column":42},"end":{"line":106,"column":47}},"loc":{"start":{"line":110,"column":44},"end":{"line":117,"column":1}}}},"branchMap":{"0":{"loc":{"start":{"line":21,"column":1},"end":{"line":23,"column":null}},"type":"if","locations":[{"start":{"line":21,"column":1},"end":{"line":23,"column":null}},{"start":{"line":21,"column":1},"end":{"line":23,"column":null}}]},"1":{"loc":{"start":{"line":27,"column":1},"end":{"line":27,"column":21}},"type":"if","locations":[{"start":{"line":27,"column":1},"end":{"line":27,"column":21}},{"start":{"line":27,"column":1},"end":{"line":27,"column":21}}]},"2":{"loc":{"start":{"line":46,"column":1},"end":{"line":48,"column":null}},"type":"if","locations":[{"start":{"line":46,"column":1},"end":{"line":48,"column":null}},{"start":{"line":46,"column":1},"end":{"line":48,"column":null}}]},"3":{"loc":{"start":{"line":52,"column":1},"end":{"line":57,"column":null}},"type":"if","locations":[{"start":{"line":52,"column":1},"end":{"line":57,"column":null}},{"start":{"line":52,"column":1},"end":{"line":57,"column":null}}]},"4":{"loc":{"start":{"line":53,"column":2},"end":{"line":55,"column":null}},"type":"if","locations":[{"start":{"line":53,"column":2},"end":{"line":55,"column":null}},{"start":{"line":53,"column":2},"end":{"line":55,"column":null}}]},"5":{"loc":{"start":{"line":76,"column":15},"end":{"line":76,"column":17}},"type":"default-arg","locations":[{"start":{"line":76,"column":15},"end":{"line":76,"column":17}}]},"6":{"loc":{"start":{"line":79,"column":2},"end":{"line":79,"column":35}},"type":"cond-expr","locations":[{"start":{"line":79,"column":2},"end":{"line":79,"column":35}},{"start":{"line":80,"column":2},"end":{"line":80,"column":21}}]},"7":{"loc":{"start":{"line":83,"column":2},"end":{"line":100,"column":null}},"type":"if","locations":[{"start":{"line":83,"column":2},"end":{"line":100,"column":null}},{"start":{"line":83,"column":2},"end":{"line":100,"column":null}}]},"8":{"loc":{"start":{"line":86,"column":24},"end":{"line":86,"column":34}},"type":"cond-expr","locations":[{"start":{"line":86,"column":24},"end":{"line":86,"column":34}},{"start":{"line":86,"column":37},"end":{"line":86,"column":54}}]},"9":{"loc":{"start":{"line":88,"column":9},"end":{"line":100,"column":null}},"type":"if","locations":[{"start":{"line":88,"column":9},"end":{"line":100,"column":null}},{"start":{"line":88,"column":9},"end":{"line":100,"column":null}}]},"10":{"loc":{"start":{"line":91,"column":24},"end":{"line":91,"column":38}},"type":"cond-expr","locations":[{"start":{"line":91,"column":24},"end":{"line":91,"column":38}},{"start":{"line":91,"column":41},"end":{"line":91,"column":57}}]},"11":{"loc":{"start":{"line":93,"column":9},"end":{"line":100,"column":null}},"type":"if","locations":[{"start":{"line":93,"column":9},"end":{"line":100,"column":null}},{"start":{"line":93,"column":9},"end":{"line":100,"column":null}}]},"12":{"loc":{"start":{"line":96,"column":24},"end":{"line":96,"column":38}},"type":"cond-expr","locations":[{"start":{"line":96,"column":24},"end":{"line":96,"column":38}},{"start":{"line":96,"column":41},"end":{"line":96,"column":57}}]},"13":{"loc":{"start":{"line":110,"column":18},"end":{"line":110,"column":22}},"type":"default-arg","locations":[{"start":{"line":110,"column":18},"end":{"line":110,"column":22}}]}},"s":{"0":1,"1":1,"2":1,"3":10,"4":10,"5":1,"6":39,"7":29,"8":10,"9":10,"10":10,"11":0,"12":10,"13":10,"14":1,"15":39,"16":39,"17":39,"18":29,"19":10,"20":10,"21":10,"22":10,"23":10,"24":0,"25":0,"26":1,"27":34,"28":34,"29":25,"30":34,"31":84,"32":10,"33":74,"34":19,"35":55,"36":39,"37":34,"38":1,"39":5,"40":1},"f":{"0":1,"1":10,"2":39,"3":39,"4":34,"5":25,"6":5},"b":{"0":[29,10],"1":[0,10],"2":[29,10],"3":[10,0],"4":[10,0],"5":[5],"6":[10,24],"7":[10,74],"8":[5,5],"9":[19,55],"10":[5,14],"11":[39,16],"12":[5,34],"13":[0]}}
}
