TN:
SF:C:\Projects\aio\packages\configurator\src\ConfiguratOR.ts
FN:17,(anonymous_1)
FN:17,(anonymous_2)
FN:17,(anonymous_3)
FN:54,(anonymous_4)
FN:61,(anonymous_5)
FN:65,(anonymous_6)
FN:71,(anonymous_7)
FN:83,(anonymous_8)
FN:96,(anonymous_9)
FN:102,(anonymous_10)
FN:109,(anonymous_11)
FN:112,(anonymous_12)
FN:116,(anonymous_13)
FN:120,(anonymous_14)
FN:121,(anonymous_15)
FN:130,(anonymous_16)
FN:139,(anonymous_17)
FN:160,(anonymous_18)
FN:176,(anonymous_19)
FNF:19
FNH:10
FNDA:5,(anonymous_1)
FNDA:5,(anonymous_2)
FNDA:5,(anonymous_3)
FNDA:7,(anonymous_4)
FNDA:21,(anonymous_5)
FNDA:0,(anonymous_6)
FNDA:6,(anonymous_7)
FNDA:0,(anonymous_8)
FNDA:0,(anonymous_9)
FNDA:0,(anonymous_10)
FNDA:0,(anonymous_11)
FNDA:0,(anonymous_12)
FNDA:0,(anonymous_13)
FNDA:6,(anonymous_14)
FNDA:0,(anonymous_15)
FNDA:5,(anonymous_16)
FNDA:5,(anonymous_17)
FNDA:0,(anonymous_18)
FNDA:5,(anonymous_19)
DA:1,1
DA:2,1
DA:3,1
DA:4,1
DA:5,1
DA:15,1
DA:17,5
DA:19,1
DA:30,1
DA:32,7
DA:34,7
DA:40,7
DA:44,7
DA:51,7
DA:52,7
DA:55,7
DA:62,21
DA:63,21
DA:66,0
DA:72,6
DA:73,6
DA:74,6
DA:78,6
DA:86,0
DA:87,0
DA:88,0
DA:89,0
DA:99,0
DA:100,0
DA:101,0
DA:102,0
DA:103,0
DA:110,0
DA:113,0
DA:117,0
DA:121,6
DA:123,6
DA:124,1
DA:125,0
DA:127,1
DA:130,5
DA:131,5
DA:132,5
DA:133,0
DA:134,0
DA:146,5
DA:147,5
DA:148,5
DA:149,5
DA:150,5
DA:151,5
DA:157,5
DA:158,0
DA:160,0
DA:162,0
DA:167,0
DA:168,0
DA:170,0
DA:171,0
DA:177,5
DA:178,5
DA:180,5
DA:182,5
DA:183,5
DA:184,5
DA:185,5
DA:187,5
DA:190,5
DA:191,5
DA:192,6
DA:193,5
DA:197,5
DA:199,1
DA:203,5
DA:204,5
DA:210,0
DA:211,0
DA:212,0
DA:214,0
DA:219,5
DA:222,5
DA:225,5
DA:227,5
DA:232,1
LF:84
LH:57
BRDA:17,0,0,5
BRDA:54,1,0,2
BRDA:62,2,0,8
BRDA:62,2,1,13
BRDA:62,3,0,21
BRDA:62,3,1,14
BRDA:63,4,0,0
BRDA:63,4,1,21
BRDA:72,5,0,1
BRDA:72,5,1,5
BRDA:73,6,0,1
BRDA:73,6,1,5
BRDA:86,7,0,0
BRDA:86,7,1,0
BRDA:87,8,0,0
BRDA:87,8,1,0
BRDA:88,9,0,0
BRDA:88,9,1,0
BRDA:99,10,0,0
BRDA:99,10,1,0
BRDA:100,11,0,0
BRDA:100,11,1,0
BRDA:101,12,0,0
BRDA:101,12,1,0
BRDA:121,13,0,0
BRDA:121,13,1,6
BRDA:123,14,0,1
BRDA:123,14,1,5
BRDA:124,15,0,0
BRDA:124,15,1,1
BRDA:132,16,0,0
BRDA:132,16,1,5
BRDA:148,17,0,5
BRDA:148,17,1,0
BRDA:149,18,0,5
BRDA:149,18,1,0
BRDA:150,19,0,5
BRDA:150,19,1,0
BRDA:162,20,0,0
BRDA:162,20,1,0
BRDA:167,21,0,0
BRDA:167,21,1,0
BRDA:170,22,0,0
BRDA:170,22,1,0
BRDA:187,23,0,0
BRDA:187,23,1,5
BRDA:192,24,0,5
BRDA:192,24,1,1
BRDA:211,25,0,0
BRDA:211,25,1,0
BRF:50
BRH:22
end_of_record
TN:
SF:C:\Projects\aio\packages\configurator\src\errors\PlaceholderError.ts
FN:10,(anonymous_0)
FN:14,(anonymous_1)
FNF:2
FNH:0
FNDA:0,(anonymous_0)
FNDA:0,(anonymous_1)
DA:4,1
DA:11,0
DA:15,0
DA:16,0
DA:17,0
DA:21,1
LF:6
LH:2
BRDA:11,0,0,0
BRDA:11,0,1,0
BRDA:16,1,0,0
BRDA:16,1,1,0
BRF:4
BRH:0
end_of_record
TN:
SF:C:\Projects\aio\packages\configurator\src\utils\processPlaceholderHandlers.ts
FN:7,(anonymous_0)
FN:9,(anonymous_1)
FN:20,(anonymous_2)
FN:35,(anonymous_3)
FN:69,(anonymous_4)
FN:79,(anonymous_5)
FN:106,(anonymous_6)
FNF:7
FNH:7
FNDA:1,(anonymous_0)
FNDA:10,(anonymous_1)
FNDA:39,(anonymous_2)
FNDA:39,(anonymous_3)
FNDA:34,(anonymous_4)
FNDA:25,(anonymous_5)
FNDA:5,(anonymous_6)
DA:7,1
DA:8,1
DA:9,1
DA:10,10
DA:11,10
DA:20,1
DA:21,39
DA:22,29
DA:24,10
DA:26,10
DA:27,10
DA:28,10
DA:29,10
DA:35,1
DA:44,39
DA:45,39
DA:46,39
DA:47,29
DA:50,10
DA:51,10
DA:52,10
DA:53,10
DA:54,10
DA:56,0
DA:59,0
DA:69,1
DA:76,34
DA:78,34
DA:79,25
DA:82,34
DA:83,84
DA:84,10
DA:88,74
DA:89,19
DA:93,55
DA:94,39
DA:103,34
DA:106,1
DA:111,5
DA:119,1
LF:40
LH:38
BRDA:21,0,0,29
BRDA:21,0,1,10
BRDA:27,1,0,0
BRDA:27,1,1,10
BRDA:46,2,0,29
BRDA:46,2,1,10
BRDA:52,3,0,10
BRDA:52,3,1,0
BRDA:53,4,0,10
BRDA:53,4,1,0
BRDA:76,5,0,5
BRDA:79,6,0,10
BRDA:79,6,1,24
BRDA:83,7,0,10
BRDA:83,7,1,74
BRDA:86,8,0,5
BRDA:86,8,1,5
BRDA:88,9,0,19
BRDA:88,9,1,55
BRDA:91,10,0,5
BRDA:91,10,1,14
BRDA:93,11,0,39
BRDA:93,11,1,16
BRDA:96,12,0,5
BRDA:96,12,1,34
BRDA:110,13,0,0
BRF:26
BRH:22
end_of_record
